[  0.170429 WARN  0 0:0 zcore_drivers::bus::pci] pci device enable done
pci_nvme_mmio_write addr 0x24 data 0x1f001f size 4
pci_nvme_mmio_aqattr wrote MMIO, admin queue attributes=0x1f001f
pci_nvme_mmio_write addr 0x28 data 0xbfe0a000 size 4
pci_nvme_mmio_asqaddr wrote MMIO, admin submission queue address=0xbfe0a000
pci_nvme_mmio_write addr 0x30 data 0xbfe0c000 size 4
pci_nvme_mmio_acqaddr wrote MMIO, admin completion queue address=0xbfe0c000
pci_nvme_mmio_write addr 0x14 data 0x460001 size 4
pci_nvme_mmio_cfg wrote MMIO, config controller config=0x460001
pci_nvme_setfeat_timestamp set feature timestamp = 0x0
pci_nvme_mmio_start_success setting controller enable bit succeeded
pci_nvme_mmio_read addr 0x1c size 4
pci_nvme_mmio_write addr 0x1000 data 0x1 size 4
pci_nvme_mmio_doorbell_sq sqid 0 new_tail 1
pci_nvme_admin_cmd cid 4120 sqid 0 opc 0x6 opname 'NVME_ADM_CMD_IDENTIFY'
pci_nvme_identify cid 4120 cns 0x1 ctrlid 0 csi 0x0
pci_nvme_identify_ctrl identify controller
pci_nvme_map_prp trans_len 4096 len 4096 prp1 0xbfe08000 prp2 0x0 num_prps 2
pci_nvme_map_addr addr 0xbfe08000 len 4096
pci_nvme_enqueue_req_completion cid 4120 cqid 0 dw0 0x0 dw1 0x0 status 0x0
pci_nvme_irq_pin pulsing IRQ pin
sifive_plic_set_pending: irq=33
pci_nvme_mmio_write addr 0x1004 data 0x1 size 4
pci_nvme_mmio_doorbell_cq cqid 0 new_head 1
sifive_plic_set_pending: irq=33
pci_nvme_mmio_write addr 0x1000 data 0x2 size 4
pci_nvme_mmio_doorbell_sq sqid 0 new_tail 2
pci_nvme_admin_cmd cid 4122 sqid 0 opc 0x9 opname 'NVME_ADM_CMD_SET_FEATURES'
pci_nvme_setfeat cid 4122 nsid 0x1 fid 0x7 save 0x0 cdw11 0x0
pci_nvme_enqueue_req_completion cid 4122 cqid 0 dw0 0x0 dw1 0x0 status 0x410f
pci_nvme_err_req_status cid 4122 nsid 0 status 0x410f opc 0x9
pci_nvme_irq_pin pulsing IRQ pin
sifive_plic_set_pending: irq=33
pci_nvme_mmio_write addr 0x1004 data 0x1 size 4
pci_nvme_mmio_doorbell_cq cqid 0 new_head 1
pci_nvme_mmio_write addr 0x1000 data 0x3 size 4
pci_nvme_mmio_doorbell_sq sqid 0 new_tail 3
pci_nvme_mmio_write addr 0x1004 data 0x2 size 4
pci_nvme_mmio_doorbell_cq cqid 0 new_head 2
sifive_plic_set_pending: irq=33
pci_nvme_admin_cmd cid 4123 sqid 0 opc 0x5 opname 'NVME_ADM_CMD_CREATE_CQ'
pci_nvme_create_cq create completion queue, addr=0xbfe0c000, cqid=1, vector=0, qsize=1023, qflags=3, ien=1
pci_nvme_enqueue_req_completion cid 4123 cqid 0 dw0 0x0 dw1 0x0 status 0x0
pci_nvme_irq_pin pulsing IRQ pin
sifive_plic_set_pending: irq=33
pci_nvme_mmio_write addr 0x1000 data 0x4 size 4
pci_nvme_mmio_doorbell_sq sqid 0 new_tail 4
pci_nvme_mmio_write addr 0x1004 data 0x3 size 4
pci_nvme_mmio_doorbell_cq cqid 0 new_head 3
sifive_plic_set_pending: irq=33
pci_nvme_admin_cmd cid 8216 sqid 0 opc 0x1 opname 'NVME_ADM_CMD_CREATE_SQ'
pci_nvme_create_sq create submission queue, addr=0xbfe0a000, sqid=1, cqid=1, qsize=1023, qflags=1
pci_nvme_enqueue_req_completion cid 8216 cqid 0 dw0 0x0 dw1 0x0 status 0x0
pci_nvme_irq_pin pulsing IRQ pin
sifive_plic_set_pending: irq=33
[  0.251590 INFO  0 0:0 zcore_drivers::bus::pci] ---------
[  0.252219 INFO  0 0:0 zcore_drivers::bus::pci] 
[  0.256336 INFO  0 0:0 zcore] hello world
[  0.257307 ERROR 0 0:0 zcore_drivers::irq::riscv_plic] plic register_handler: 33
[  0.257978 INFO  0 0:0 zcore_drivers::utils::irq_manager] IRQ register handler 33
sifive_plic_set_claimed: irq=33
sifive_plic_set_claimed: irq=33
sifive_plic_set_claimed: irq=33
sifive_plic_set_claimed: irq=33
sifive_plic_set_claimed: irq=33
sifive_plic_set_claimed: irq=33
sifive_plic_set_claimed: irq=33
[  0.259130 WARN  0 0:0 zcore_drivers::nvme::interface] async write block
[  0.259878 WARN  0 0:0 zcore_drivers::nvme::interface] write block
pci_nvme_mmio_write addr 0x1008 data 0x5 size 4
pci_nvme_mmio_doorbell_sq sqid 1 new_tail 5
pci_nvme_io_cmd cid 4120 nsid 0x1 sqid 1 opc 0x6 opname 'NVME_NVM_CMD_UNKNOWN'
pci_nvme_err_invalid_opc invalid opcode 0x6
pci_nvme_enqueue_req_completion cid 4120 cqid 1 dw0 0x0 dw1 0x0 status 0x4001
pci_nvme_err_req_status cid 4120 nsid 0 status 0x4001 opc 0x6
pci_nvme_io_cmd cid 4122 nsid 0x1 sqid 1 opc 0x9 opname 'NVME_NVM_CMD_DSM'
pci_nvme_dsm nr 8 attr 0x0
pci_nvme_enqueue_req_completion cid 4122 cqid 1 dw0 0x0 dw1 0x0 status 0x0
pci_nvme_io_cmd cid 4123 nsid 0x1 sqid 1 opc 0x5 opname 'NVME_NVM_CMD_COMPARE'
pci_nvme_compare cid 4123 nsid 1 slba 0x303ff0001 nlb 1
pci_nvme_err_invalid_lba_range Invalid LBA start=12951945217 len=1 limit=32768
pci_nvme_enqueue_req_completion cid 4123 cqid 1 dw0 0x0 dw1 0x0 status 0x4080
pci_nvme_err_req_status cid 4123 nsid 1 status 0x4080 opc 0x5
pci_nvme_io_cmd cid 8216 nsid 0x1 sqid 1 opc 0x1 opname 'NVME_NVM_CMD_WRITE'
pci_nvme_write cid 8216 opname 'NVME_NVM_CMD_WRITE' nsid 1 nlb 1 count 512 lba 0x1000103ff0001
pci_nvme_err_invalid_lba_range Invalid LBA start=281479338721281 len=1 limit=32768
pci_nvme_enqueue_req_completion cid 8216 cqid 1 dw0 0x0 dw1 0x0 status 0x4080
pci_nvme_err_req_status cid 8216 nsid 1 status 0x4080 opc 0x1
pci_nvme_io_cmd cid 273 nsid 0x1 sqid 1 opc 0x1 opname 'NVME_NVM_CMD_WRITE'
pci_nvme_write cid 273 opname 'NVME_NVM_CMD_WRITE' nsid 1 nlb 1 count 512 lba 0x0
pci_nvme_map_prp trans_len 512 len 512 prp1 0x8026b288 prp2 0x0 num_prps 1
pci_nvme_map_addr addr 0x8026b288 len 512
pci_nvme_irq_pin pulsing IRQ pin
[ pci_nvme_rw_cb cid 273 blk 'nvm'
pci_nvme_rw_complete_cb cid 273 blk 'nvm'
pci_nvme_enqueue_req_completion cid 273 cqid 1 dw0 0x0 dw1 0x0 status 0x0
pci_nvme_irq_pin pulsing IRQ pin
 0.260866 WARN  0 0:0 zcore_drivers::nvme::interface] send write command cid 273 tail 4
sifive_plic_set_pending: irq=33
sifive_plic_set_claimed: irq=33
[  0.263299 WARN  0 0:0 zcore_drivers::nvme::interface] nvme device irq 33
[  0.264096 WARN  0 0:0 zcore_drivers::nvme::interface] tail 4
[  0.264791 WARN  0 0:0 zcore_drivers::nvme::interface] status NvmeCompletion {
    result: 0x0,
    sq_head: 0x5,
    sq_id: 0x1,
    command_id: 0x111,
    status: 0x1,
}
pci_nvme_mmio_write addr 0x100c data 0x5 size 4
pci_nvme_mmio_doorbell_cq cqid 1 new_head 5
[  0.266493 INFO  0 0:0 zcore] wake_by_ref
[  0.266955 ERROR 0 0:0 zcore_drivers::irq::riscv_plic] riscv plic handle irq: 33
sifive_plic_set_claimed: irq=33
[  0.267859 WARN  0 0:0 zcore_drivers::nvme::interface] async write block
[  0.268330 WARN  0 0:0 zcore_drivers::nvme::interface] write block
pci_nvme_mmio_write addr 0x1008 data 0x6 size 4
pci_nvme_mmio_doorbell_sq sqid 1 new_tail 6
[pci_nvme_io_cmd cid 273 nsid 0x1 sqid 1 opc 0x1 opname 'NVME_NVM_CMD_WRITE'
pci_nvme_write cid 273 opname 'NVME_NVM_CMD_WRITE' nsid 1 nlb 1 count 512 lba 0x1
pci_nvme_map_prp trans_len 512 len 512 prp1 0x8026b488 prp2 0x0 num_prps 1
pci_nvme_map_addr addr 0x8026b488 len 512
 pci_nvme_rw_cb cid 273 blk 'nvm'
pci_nvme_rw_complete_cb cid 273 blk 'nvm'
pci_nvme_enqueue_req_completion cid 273 cqid 1 dw0 0x0 dw1 0x0 status 0x0
pci_nvme_irq_pin pulsing IRQ pin
 0.268784 WARN  0 0:0 zcore_drivers::nvme::interface] send write command cid 273 tail 5
QEMU: Terminated
























[  0.151345 WARN  0 0:0 zcore_drivers::bus::pci] pci device enable done
pci_nvme_mmio_write addr 0x24 data 0x1f001f size 4
pci_nvme_mmio_aqattr wrote MMIO, admin queue attributes=0x1f001f
pci_nvme_mmio_write addr 0x28 data 0xbfe0a000 size 4
pci_nvme_mmio_asqaddr wrote MMIO, admin submission queue address=0xbfe0a000
pci_nvme_mmio_write addr 0x30 data 0xbfe0c000 size 4
pci_nvme_mmio_acqaddr wrote MMIO, admin completion queue address=0xbfe0c000
pci_nvme_mmio_write addr 0x14 data 0x460001 size 4
pci_nvme_mmio_cfg wrote MMIO, config controller config=0x460001
pci_nvme_setfeat_timestamp set feature timestamp = 0x0
pci_nvme_mmio_start_success setting controller enable bit succeeded
pci_nvme_mmio_read addr 0x1c size 4
pci_nvme_mmio_write addr 0x1000 data 0x1 size 4
pci_nvme_mmio_doorbell_sq sqid 0 new_tail 1
pci_nvme_admin_cmd cid 4120 sqid 0 opc 0x6 opname 'NVME_ADM_CMD_IDENTIFY'
pci_nvme_identify cid 4120 cns 0x1 ctrlid 0 csi 0x0
pci_nvme_identify_ctrl identify controller
pci_nvme_map_prp trans_len 4096 len 4096 prp1 0xbfe08000 prp2 0x0 num_prps 2
pci_nvme_map_addr addr 0xbfe08000 len 4096
pci_nvme_enqueue_req_completion cid 4120 cqid 0 dw0 0x0 dw1 0x0 status 0x0
pci_nvme_irq_pin pulsing IRQ pin
sifive_plic_set_pending: irq=33
pci_nvme_mmio_write addr 0x1004 data 0x1 size 4
pci_nvme_mmio_doorbell_cq cqid 0 new_head 1
sifive_plic_set_pending: irq=33
pci_nvme_mmio_write addr 0x1000 data 0x2 size 4
pci_nvme_mmio_doorbell_sq sqid 0 new_tail 2
pci_nvme_admin_cmd cid 4122 sqid 0 opc 0x9 opname 'NVME_ADM_CMD_SET_FEATURES'
pci_nvme_setfeat cid 4122 nsid 0x1 fid 0x7 save 0x0 cdw11 0x0
pci_nvme_enqueue_req_completion cid 4122 cqid 0 dw0 0x0 dw1 0x0 status 0x410f
pci_nvme_err_req_status cid 4122 nsid 0 status 0x410f opc 0x9
pci_nvme_mmio_write addr 0x1004 data 0x1 size 4
pci_nvme_mmio_doorbell_cq cqid 0 new_head 1
pci_nvme_irq_pin pulsing IRQ pin
sifive_plic_set_pending: irq=33
pci_nvme_mmio_write addr 0x1000 data 0x3 size 4
pci_nvme_mmio_doorbell_sq sqid 0 new_tail 3
pci_nvme_mmio_write addr 0x1004 data 0x2 size 4
pci_nvme_mmio_doorbell_cq cqid 0 new_head 2
pci_nvme_admin_cmd cid 4123 sqid 0 opc 0x5 opname 'NVME_ADM_CMD_CREATE_CQ'
pci_nvme_create_cq create completion queue, addr=0xbfe0c000, cqid=1, vector=0, qsize=1023, qflags=3, ien=1
pci_nvme_enqueue_req_completion cid 4123 cqid 0 dw0 0x0 dw1 0x0 status 0x0
pci_nvme_mmio_write addr 0x1000 data 0x4 size 4
pci_nvme_mmio_doorbell_sq sqid 0 new_tail 4
pci_nvme_irq_pin pulsing IRQ pin
pci_nvme_admin_cmd cid 8216 sqid 0 opc 0x1 opname 'NVME_ADM_CMD_CREATE_SQ'
pci_nvme_create_sq create submission queue, addr=0xbfe0a000, sqid=1, cqid=1, qsize=1023, qflags=1
pci_nvme_enqueue_req_completion cid 8216 cqid 0 dw0 0x0 dw1 0x0 status 0x0
pci_nvme_irq_pin pulsing IRQ pin
pci_nvme_mmio_write addr 0x1004 data 0x3 size 4
pci_nvme_mmio_doorbell_cq cqid 0 new_head 3
[  0.237537 INFO  0 0:0 zcore_drivers::bus::pci] ---------
[  0.238047 INFO  0 0:0 zcore_drivers::bus::pci] 
[  0.239379 INFO  0 0:0 zcore] hello world
[  0.240193 ERROR 0 0:0 zcore_drivers::irq::riscv_plic] plic register_handler: 33
[  0.240693 INFO  0 0:0 zcore_drivers::utils::irq_manager] IRQ register handler 33
sifive_plic_set_claimed: irq=33
sifive_plic_set_claimed: irq=33
sifive_plic_set_claimed: irq=33
sifive_plic_set_claimed: irq=33
sifive_plic_set_claimed: irq=33
sifive_plic_set_claimed: irq=33
sifive_plic_set_claimed: irq=33
[  0.241583 WARN  0 0:0 zcore_drivers::nvme::interface] async write block
[  0.242173 WARN  0 0:0 zcore_drivers::nvme::interface] write block
pci_nvme_mmio_write addr 0x1008 data 0x5 size 4
pci_nvme_mmio_doorbell_sq sqid 1 new_tail 5
pci_nvme_io_cmd cid 4120 nsid 0x1 sqid 1 opc 0x6 opname 'NVME_NVM_CMD_UNKNOWN'
pci_nvme_err_invalid_opc invalid opcode 0x6
pci_nvme_enqueue_req_completion cid 4120 cqid 1 dw0 0x0 dw1 0x0 status 0x4001
pci_nvme_err_req_status cid 4120 nsid 0 status 0x4001 opc 0x6
pci_nvme_io_cmd cid 4122 nsid 0x1 sqid 1 opc 0x9 opname 'NVME_NVM_CMD_DSM'
pci_nvme_dsm nr 8 attr 0x0
pci_nvme_enqueue_req_completion cid 4122 cqid 1 dw0 0x0 dw1 0x0 status 0x0
pci_nvme_io_cmd cid 4123 nsid 0x1 sqid 1 opc 0x5 opname 'NVME_NVM_CMD_COMPARE'
pci_nvme_compare cid 4123 nsid 1 slba 0x303ff0001 nlb 1
pci_nvme_err_invalid_lba_range Invalid LBA start=12951945217 len=1 limit=32768
pci_nvme_enqueue_req_completion cid 4123 cqid 1 dw0 0x0 dw1 0x0 status 0x4080
pci_nvme_err_req_status cid 4123 nsid 1 status 0x4080 opc 0x5
pci_nvme_io_cmd cid 8216 nsid 0x1 sqid 1 opc 0x1 opname 'NVME_NVM_CMD_WRITE'
pci_nvme_write cid 8216 opname 'NVME_NVM_CMD_WRITE' nsid 1 nlb 1 count 512 lba 0x1000103ff0001
pci_nvme_err_invalid_lba_range Invalid LBA start=281479338721281 len=1 limit=32768
pci_nvme_enqueue_req_completion cid 8216 cqid 1 dw0 0x0 dw1 0x0 status 0x4080
pci_nvme_err_req_status cid 8216 nsid 1 status 0x4080 opc 0x1
pci_nvme_io_cmd cid 273 nsid 0x1 sqid 1 opc 0x1 opname 'NVME_NVM_CMD_WRITE'
pci_nvme_write cid 273 opname 'NVME_NVM_CMD_WRITE' nsid 1 nlb 1 count 512 lba 0x0
pci_nvme_map_prp trans_len 512 len 512 prp1 0x8026b288 prp2 0x0 num_prps 1
pci_nvme_map_addr addr 0x8026b288 len 512
pci_nvme_irq_pin pulsing IRQ pin
pci_nvme_rw_cb cid 273 blk 'nvm'
pci_nvme_rw_complete_cb cid 273 blk 'nvm'
pci_nvme_enqueue_req_completion cid 273 cqid 1 dw0 0x0 dw1 0x0 status 0x0
pci_nvme_irq_pin pulsing IRQ pin
[  0.243172 WARN  0 0:0 zcore_drivers::nvme::interface] send write command cid 273 tail 4
sifive_plic_set_pending: irq=33
sifive_plic_set_claimed: irq=33
[  0.245096 WARN  0 0:0 zcore_drivers::nvme::interface] nvme device irq 33
[  0.245688 WARN  0 0:0 zcore_drivers::nvme::interface] tail 4
[  0.246180 WARN  0 0:0 zcore_drivers::nvme::interface] status NvmeCompletion {
    result: 0x0,
    sq_head: 0x5,
    sq_id: 0x1,
    command_id: 0x111,
    status: 0x1,
}
pci_nvme_mmio_write addr 0x100c data 0x5 size 4
pci_nvme_mmio_doorbell_cq cqid 1 new_head 5
sifive_plic_set_pending: irq=33
[  0.247625 INFO  0 0:0 zcore] wake_by_ref
[  0.248071 ERROR 0 0:0 zcore_drivers::irq::riscv_plic] riscv plic handle irq: 33
sifive_plic_set_claimed: irq=33
[  0.248980 WARN  0 0:0 zcore_drivers::nvme::interface] async write block
[  0.249412 WARN  0 0:0 zcore_drivers::nvme::interface] write block
pci_nvme_mmio_write addr 0x1008 data 0x6 size 4
pci_nvme_mmio_doorbell_sq sqid 1 new_tail 6
ci_nvme_io_cmd cid 273 nsid 0x1 sqid 1 opc 0x1 opname 'NVME_NVM_CMD_WRITE'
pci_nvme_write cid 273 opname 'NVME_NVM_CMD_WRITE' nsid 1 nlb 1 count 512 lba 0x1
pci_nvme_map_prp trans_len 512 len 512 prp1 0x8026b488 prp2 0x0 num_prps 1
pci_nvme_map_addr addr 0x8026b488 len 512
m[  0.249858 pci_nvme_rw_cb cid 273 blk 'nvm'
pci_nvme_rw_complete_cb cid 273 blk 'nvm'
pci_nvme_enqueue_req_completion cid 273 cqid 1 dw0 0x0 dw1 0x0 status 0x0
pci_nvme_irq_pin pulsing IRQ pin
sifive_plic_set_pending: irq=33
WARN  0 0:0 zcore_drivers::nvme::interface] send write command cid 273 tail 5
sifive_plic_set_pending: irq=33
sifive_plic_set_claimed: irq=33
[  0.250796 WARN  0 0:0 zcore_drivers::nvme::interface] nvme device irq 33
[  0.251259 WARN  0 0:0 zcore_drivers::nvme::interface] tail 5
[  0.251669 WARN  0 0:0 zcore_drivers::nvme::interface] status NvmeCompletion {
    result: 0x0,
    sq_head: 0x6,
    sq_id: 0x1,
    command_id: 0x111,
    status: 0x1,
}
pci_nvme_mmio_write addr 0x100c data 0x6 size 4
pci_nvme_mmio_doorbell_cq cqid 1 new_head 6
sifive_plic_set_pending: irq=33
[  0.252580 INFO  0 0:0 zcore] wake_by_ref
[  0.252916 ERROR 0 0:0 zcore_drivers::irq::riscv_plic] riscv plic handle irq: 33
sifive_plic_set_claimed: irq=33
